# JRE version: Java(TM) SE Runtime Environment (8.0_102-b14) (build 1.8.0_102-b14)
# Java VM: Java HotSpot(TM) 64-Bit Server VM (25.102-b14 mixed mode windows-amd64 compressed oops)
Heap:
 PSYoungGen      total 163328K, used 32344K [0x00000000d5f00000, 0x00000000e1200000, 0x0000000100000000)
  eden space 154112K, 15% used [0x00000000d5f00000,0x00000000d75f1408,0x00000000df580000)
  from space 9216K, 96% used [0x00000000e0900000,0x00000000e11a4d90,0x00000000e1200000)
  to   space 11776K, 0% used [0x00000000dfb00000,0x00000000dfb00000,0x00000000e0680000)
 ParOldGen       total 76288K, used 17256K [0x0000000081c00000, 0x0000000086680000, 0x00000000d5f00000)
  object space 76288K, 22% used [0x0000000081c00000,0x0000000082cda0d0,0x0000000086680000)
 Metaspace       used 40747K, capacity 42992K, committed 43048K, reserved 1087488K
  class space    used 5475K, capacity 5893K, committed 5936K, reserved 1048576K
GC Heap History (10 events):
Event: 15.330 GC heap before
{Heap before GC invocations=8 (full 1):
 PSYoungGen      total 73728K, used 66048K [0x00000000d5f00000, 0x00000000db000000, 0x0000000100000000)
  eden space 66048K, 100% used [0x00000000d5f00000,0x00000000d9f80000,0x00000000d9f80000)
  from space 7680K, 0% used [0x00000000da780000,0x00000000da780000,0x00000000daf00000)
  to   space 8192K, 0% used [0x00000000d9f80000,0x00000000d9f80000,0x00000000da780000)
 ParOldGen       total 49664K, used 7033K [0x0000000081c00000, 0x0000000084c80000, 0x00000000d5f00000)
  object space 49664K, 14% used [0x0000000081c00000,0x00000000822de7f8,0x0000000084c80000)
 Metaspace       used 24498K, capacity 25438K, committed 25776K, reserved 1071104K
  class space    used 3191K, capacity 3420K, committed 3504K, reserved 1048576K
Event: 15.342 GC heap after
Heap after GC invocations=8 (full 1):
 PSYoungGen      total 74240K, used 6590K [0x00000000d5f00000, 0x00000000de080000, 0x0000000100000000)
  eden space 66048K, 0% used [0x00000000d5f00000,0x00000000d5f00000,0x00000000d9f80000)
  from space 8192K, 80% used [0x00000000d9f80000,0x00000000da5efb68,0x00000000da780000)
  to   space 8704K, 0% used [0x00000000dd800000,0x00000000dd800000,0x00000000de080000)
 ParOldGen       total 49664K, used 7041K [0x0000000081c00000, 0x0000000084c80000, 0x00000000d5f00000)
  object space 49664K, 14% used [0x0000000081c00000,0x00000000822e07f8,0x0000000084c80000)
 Metaspace       used 24498K, capacity 25438K, committed 25776K, reserved 1071104K
  class space    used 3191K, capacity 3420K, committed 3504K, reserved 1048576K
}
Event: 16.609 GC heap before
{Heap before GC invocations=9 (full 1):
 PSYoungGen      total 74240K, used 72638K [0x00000000d5f00000, 0x00000000de080000, 0x0000000100000000)
  eden space 66048K, 100% used [0x00000000d5f00000,0x00000000d9f80000,0x00000000d9f80000)
  from space 8192K, 80% used [0x00000000d9f80000,0x00000000da5efb68,0x00000000da780000)
  to   space 8704K, 0% used [0x00000000dd800000,0x00000000dd800000,0x00000000de080000)
 ParOldGen       total 49664K, used 7041K [0x0000000081c00000, 0x0000000084c80000, 0x00000000d5f00000)
  object space 49664K, 14% used [0x0000000081c00000,0x00000000822e07f8,0x0000000084c80000)
 Metaspace       used 26550K, capacity 27700K, committed 27824K, reserved 1073152K
  class space    used 3466K, capacity 3713K, committed 3760K, reserved 1048576K
Event: 16.620 GC heap after
Heap after GC invocations=9 (full 1):
 PSYoungGen      total 122880K, used 6815K [0x00000000d5f00000, 0x00000000de000000, 0x0000000100000000)
  eden space 114688K, 0% used [0x00000000d5f00000,0x00000000d5f00000,0x00000000dcf00000)
  from space 8192K, 83% used [0x00000000dd800000,0x00000000ddea7df0,0x00000000de000000)
  to   space 8704K, 0% used [0x00000000dcf00000,0x00000000dcf00000,0x00000000dd780000)
 ParOldGen       total 49664K, used 7049K [0x0000000081c00000, 0x0000000084c80000, 0x00000000d5f00000)
  object space 49664K, 14% used [0x0000000081c00000,0x00000000822e27f8,0x0000000084c80000)
 Metaspace       used 26550K, capacity 27700K, committed 27824K, reserved 1073152K
  class space    used 3466K, capacity 3713K, committed 3760K, reserved 1048576K
}
Event: 22.202 GC heap before
{Heap before GC invocations=10 (full 1):
 PSYoungGen      total 122880K, used 89294K [0x00000000d5f00000, 0x00000000de000000, 0x0000000100000000)
  eden space 114688K, 71% used [0x00000000d5f00000,0x00000000daf8bb50,0x00000000dcf00000)
  from space 8192K, 83% used [0x00000000dd800000,0x00000000ddea7df0,0x00000000de000000)
  to   space 8704K, 0% used [0x00000000dcf00000,0x00000000dcf00000,0x00000000dd780000)
 ParOldGen       total 49664K, used 7049K [0x0000000081c00000, 0x0000000084c80000, 0x00000000d5f00000)
  object space 49664K, 14% used [0x0000000081c00000,0x00000000822e27f8,0x0000000084c80000)
 Metaspace       used 33740K, capacity 35392K, committed 35496K, reserved 1079296K
  class space    used 4410K, capacity 4729K, committed 4784K, reserved 1048576K
Event: 22.219 GC heap after
Heap after GC invocations=10 (full 1):
 PSYoungGen      total 123392K, used 8703K [0x00000000d5f00000, 0x00000000e1400000, 0x0000000100000000)
  eden space 114688K, 0% used [0x00000000d5f00000,0x00000000d5f00000,0x00000000dcf00000)
  from space 8704K, 99% used [0x00000000dcf00000,0x00000000dd77fd40,0x00000000dd780000)
  to   space 11264K, 0% used [0x00000000e0900000,0x00000000e0900000,0x00000000e1400000)
 ParOldGen       total 49664K, used 11161K [0x0000000081c00000, 0x0000000084c80000, 0x00000000d5f00000)
  object space 49664K, 22% used [0x0000000081c00000,0x00000000826e6578,0x0000000084c80000)
 Metaspace       used 33740K, capacity 35392K, committed 35496K, reserved 1079296K
  class space    used 4410K, capacity 4729K, committed 4784K, reserved 1048576K
}
Event: 22.219 GC heap before
{Heap before GC invocations=11 (full 2):
 PSYoungGen      total 123392K, used 8703K [0x00000000d5f00000, 0x00000000e1400000, 0x0000000100000000)
  eden space 114688K, 0% used [0x00000000d5f00000,0x00000000d5f00000,0x00000000dcf00000)
  from space 8704K, 99% used [0x00000000dcf00000,0x00000000dd77fd40,0x00000000dd780000)
  to   space 11264K, 0% used [0x00000000e0900000,0x00000000e0900000,0x00000000e1400000)
 ParOldGen       total 49664K, used 11161K [0x0000000081c00000, 0x0000000084c80000, 0x00000000d5f00000)
  object space 49664K, 22% used [0x0000000081c00000,0x00000000826e6578,0x0000000084c80000)
 Metaspace       used 33740K, capacity 35392K, committed 35496K, reserved 1079296K
  class space    used 4410K, capacity 4729K, committed 4784K, reserved 1048576K
Event: 22.303 GC heap after
Heap after GC invocations=11 (full 2):
 PSYoungGen      total 123392K, used 0K [0x00000000d5f00000, 0x00000000e1400000, 0x0000000100000000)
  eden space 114688K, 0% used [0x00000000d5f00000,0x00000000d5f00000,0x00000000dcf00000)
  from space 8704K, 0% used [0x00000000dcf00000,0x00000000dcf00000,0x00000000dd780000)
  to   space 11264K, 0% used [0x00000000e0900000,0x00000000e0900000,0x00000000e1400000)
 ParOldGen       total 76288K, used 17248K [0x0000000081c00000, 0x0000000086680000, 0x00000000d5f00000)
  object space 76288K, 22% used [0x0000000081c00000,0x0000000082cd80d0,0x0000000086680000)
 Metaspace       used 33740K, capacity 35392K, committed 35496K, reserved 1079296K
  class space    used 4410K, capacity 4729K, committed 4784K, reserved 1048576K
}
Event: 35.242 GC heap before
{Heap before GC invocations=12 (full 2):
 PSYoungGen      total 123392K, used 114688K [0x00000000d5f00000, 0x00000000e1400000, 0x0000000100000000)
  eden space 114688K, 100% used [0x00000000d5f00000,0x00000000dcf00000,0x00000000dcf00000)
  from space 8704K, 0% used [0x00000000dcf00000,0x00000000dcf00000,0x00000000dd780000)
  to   space 11264K, 0% used [0x00000000e0900000,0x00000000e0900000,0x00000000e1400000)
 ParOldGen       total 76288K, used 17248K [0x0000000081c00000, 0x0000000086680000, 0x00000000d5f00000)
  object space 76288K, 22% used [0x0000000081c00000,0x0000000082cd80d0,0x0000000086680000)
 Metaspace       used 39848K, capacity 41896K, committed 42152K, reserved 1085440K
  class space    used 5345K, capacity 5737K, committed 5808K, reserved 1048576K
Event: 35.256 GC heap after
Heap after GC invocations=12 (full 2):
 PSYoungGen      total 163328K, used 8851K [0x00000000d5f00000, 0x00000000e1200000, 0x0000000100000000)
  eden space 154112K, 0% used [0x00000000d5f00000,0x00000000d5f00000,0x00000000df580000)
  from space 9216K, 96% used [0x00000000e0900000,0x00000000e11a4d90,0x00000000e1200000)
  to   space 11776K, 0% used [0x00000000dfb00000,0x00000000dfb00000,0x00000000e0680000)
 ParOldGen       total 76288K, used 17256K [0x0000000081c00000, 0x0000000086680000, 0x00000000d5f00000)
  object space 76288K, 22% used [0x0000000081c00000,0x0000000082cda0d0,0x0000000086680000)
 Metaspace       used 39848K, capacity 41896K, committed 42152K, reserved 1085440K
  class space    used 5345K, capacity 5737K, committed 5808K, reserved 1048576K
}

